<?xml version="1.0" encoding="UTF-8"?>
<!-- Generated by org.testng.reporters.JUnitXMLReporter -->
<testsuite ignored="0" hostname="SHARP" failures="0" tests="22" name="Surefire test" time="156.387" errors="0" timestamp="2024-09-01T17:19:35 IST">
  <testcase classname="tests.Tests" name="Decor1" time="2.307"/>
  <testcase classname="tests.Tests" name="Decor2" time="2.516"/>
  <testcase classname="tests.Tests" name="Decor3" time="2.345"/>
  <testcase classname="tests.Tests" name="Decor4" time="4.847"/>
  <testcase classname="tests.Tests" name="Decor5" time="2.374"/>
  <testcase classname="tests.Tests" name="Decor6" time="2.266"/>
  <testcase classname="tests.Tests" name="BedBath1" time="2.297"/>
  <testcase classname="tests.Tests" name="BedBath2" time="4.756"/>
  <testcase classname="tests.Tests" name="BS1" time="1.923"/>
  <testcase classname="tests.Tests" name="BS2" time="2.176"/>
  <testcase classname="tests.Tests" name="BS3" time="2.462"/>
  <testcase classname="tests.Tests" name="BS4" time="2.11"/>
  <testcase classname="tests.Tests" name="BS5" time="2.016"/>
  <testcase classname="tests.Tests" name="BS6" time="2.191"/>
  <testcase classname="tests.Tests" name="BS7" time="2.574"/>
  <testcase classname="tests.Tests" name="BS8" time="2.383"/>
  <testcase classname="tests.Tests" name="BS9" time="4.509"/>
  <testcase classname="tests.Tests" name="DS1" time="2.013"/>
  <testcase classname="tests.Tests" name="DS2" time="2.41"/>
  <testcase classname="tests.Tests" name="DS3" time="2.172"/>
  <testcase classname="tests.Tests" name="DS4" time="2.351"/>
  <testcase classname="tests.Tests" name="DS5" time="2.299"/>
</testsuite> <!-- Surefire test -->
