<?xml version="1.0" encoding="UTF-8"?>
<!-- Generated by org.testng.reporters.JUnitXMLReporter -->
<testsuite ignored="0" hostname="SHARP" failures="0" tests="22" name="Default test" time="150.932" errors="0" timestamp="2024-09-01T10:29:05 IST">
  <testcase classname="tests.Tests" name="Decor1" time="2.368"/>
  <testcase classname="tests.Tests" name="Decor2" time="2.314"/>
  <testcase classname="tests.Tests" name="Decor3" time="2.421"/>
  <testcase classname="tests.Tests" name="Decor4" time="4.758"/>
  <testcase classname="tests.Tests" name="Decor5" time="2.826"/>
  <testcase classname="tests.Tests" name="Decor6" time="2.609"/>
  <testcase classname="tests.Tests" name="BedBath1" time="1.854"/>
  <testcase classname="tests.Tests" name="BedBath2" time="4.268"/>
  <testcase classname="tests.Tests" name="BS1" time="2.091"/>
  <testcase classname="tests.Tests" name="BS2" time="2.251"/>
  <testcase classname="tests.Tests" name="BS3" time="2.193"/>
  <testcase classname="tests.Tests" name="BS4" time="2.543"/>
  <testcase classname="tests.Tests" name="BS5" time="2.639"/>
  <testcase classname="tests.Tests" name="BS6" time="2.248"/>
  <testcase classname="tests.Tests" name="BS7" time="2.172"/>
  <testcase classname="tests.Tests" name="BS8" time="2.411"/>
  <testcase classname="tests.Tests" name="BS9" time="4.188"/>
  <testcase classname="tests.Tests" name="DS1" time="1.794"/>
  <testcase classname="tests.Tests" name="DS2" time="2.121"/>
  <testcase classname="tests.Tests" name="DS3" time="1.877"/>
  <testcase classname="tests.Tests" name="DS4" time="2.345"/>
  <testcase classname="tests.Tests" name="DS5" time="2.056"/>
</testsuite> <!-- Default test -->
