<?xml version="1.0" encoding="UTF-8"?>
<testng-results ignored="0" total="22" passed="22" failed="0" skipped="0">
  <reporter-output>
  </reporter-output>
  <suite started-at="2024-09-01T17:16:59 IST" name="Surefire suite" finished-at="2024-09-01T17:19:35 IST" duration-ms="156387">
    <groups>
    </groups>
    <test started-at="2024-09-01T17:16:59 IST" name="Surefire test" finished-at="2024-09-01T17:19:35 IST" duration-ms="156387">
      <class name="tests.Tests">
        <test-method is-config="true" signature="reportconfig()[pri:0, instance:tests.Tests@2145b572]" started-at="2024-09-01T17:16:59 IST" name="reportconfig" finished-at="2024-09-01T17:16:59 IST" duration-ms="326" status="PASS">
          <reporter-output>
          </reporter-output>
        </test-method> <!-- reportconfig -->
        <test-method is-config="true" signature="setup()[pri:0, instance:tests.Tests@2145b572]" started-at="2024-09-01T17:16:59 IST" name="setup" finished-at="2024-09-01T17:17:05 IST" duration-ms="6206" status="PASS">
          <reporter-output>
          </reporter-output>
        </test-method> <!-- setup -->
        <test-method signature="Decor1()[pri:1, instance:tests.Tests@2145b572]" started-at="2024-09-01T17:17:05 IST" name="Decor1" finished-at="2024-09-01T17:17:08 IST" duration-ms="2307" status="PASS">
          <reporter-output>
          </reporter-output>
        </test-method> <!-- Decor1 -->
        <test-method is-config="true" signature="teardown()[pri:0, instance:tests.Tests@2145b572]" started-at="2024-09-01T17:17:08 IST" name="teardown" finished-at="2024-09-01T17:17:08 IST" duration-ms="365" status="PASS">
          <reporter-output>
          </reporter-output>
        </test-method> <!-- teardown -->
        <test-method is-config="true" signature="setup()[pri:0, instance:tests.Tests@2145b572]" started-at="2024-09-01T17:17:08 IST" name="setup" finished-at="2024-09-01T17:17:12 IST" duration-ms="4233" status="PASS">
          <reporter-output>
          </reporter-output>
        </test-method> <!-- setup -->
        <test-method signature="Decor2()[pri:2, instance:tests.Tests@2145b572]" started-at="2024-09-01T17:17:12 IST" name="Decor2" finished-at="2024-09-01T17:17:15 IST" duration-ms="2516" status="PASS">
          <reporter-output>
          </reporter-output>
        </test-method> <!-- Decor2 -->
        <test-method is-config="true" signature="teardown()[pri:0, instance:tests.Tests@2145b572]" started-at="2024-09-01T17:17:15 IST" name="teardown" finished-at="2024-09-01T17:17:15 IST" duration-ms="345" status="PASS">
          <reporter-output>
          </reporter-output>
        </test-method> <!-- teardown -->
        <test-method is-config="true" signature="setup()[pri:0, instance:tests.Tests@2145b572]" started-at="2024-09-01T17:17:15 IST" name="setup" finished-at="2024-09-01T17:17:19 IST" duration-ms="4024" status="PASS">
          <reporter-output>
          </reporter-output>
        </test-method> <!-- setup -->
        <test-method signature="Decor3()[pri:3, instance:tests.Tests@2145b572]" started-at="2024-09-01T17:17:19 IST" name="Decor3" finished-at="2024-09-01T17:17:21 IST" duration-ms="2345" status="PASS">
          <reporter-output>
          </reporter-output>
        </test-method> <!-- Decor3 -->
        <test-method is-config="true" signature="teardown()[pri:0, instance:tests.Tests@2145b572]" started-at="2024-09-01T17:17:21 IST" name="teardown" finished-at="2024-09-01T17:17:22 IST" duration-ms="378" status="PASS">
          <reporter-output>
          </reporter-output>
        </test-method> <!-- teardown -->
        <test-method is-config="true" signature="setup()[pri:0, instance:tests.Tests@2145b572]" started-at="2024-09-01T17:17:22 IST" name="setup" finished-at="2024-09-01T17:17:26 IST" duration-ms="4111" status="PASS">
          <reporter-output>
          </reporter-output>
        </test-method> <!-- setup -->
        <test-method signature="Decor4()[pri:4, instance:tests.Tests@2145b572]" started-at="2024-09-01T17:17:26 IST" name="Decor4" finished-at="2024-09-01T17:17:31 IST" duration-ms="4847" status="PASS">
          <reporter-output>
          </reporter-output>
        </test-method> <!-- Decor4 -->
        <test-method is-config="true" signature="teardown()[pri:0, instance:tests.Tests@2145b572]" started-at="2024-09-01T17:17:31 IST" name="teardown" finished-at="2024-09-01T17:17:31 IST" duration-ms="368" status="PASS">
          <reporter-output>
          </reporter-output>
        </test-method> <!-- teardown -->
        <test-method is-config="true" signature="setup()[pri:0, instance:tests.Tests@2145b572]" started-at="2024-09-01T17:17:31 IST" name="setup" finished-at="2024-09-01T17:17:35 IST" duration-ms="4125" status="PASS">
          <reporter-output>
          </reporter-output>
        </test-method> <!-- setup -->
        <test-method signature="Decor5()[pri:5, instance:tests.Tests@2145b572]" started-at="2024-09-01T17:17:35 IST" name="Decor5" finished-at="2024-09-01T17:17:38 IST" duration-ms="2374" status="PASS">
          <reporter-output>
          </reporter-output>
        </test-method> <!-- Decor5 -->
        <test-method is-config="true" signature="teardown()[pri:0, instance:tests.Tests@2145b572]" started-at="2024-09-01T17:17:38 IST" name="teardown" finished-at="2024-09-01T17:17:38 IST" duration-ms="276" status="PASS">
          <reporter-output>
          </reporter-output>
        </test-method> <!-- teardown -->
        <test-method is-config="true" signature="setup()[pri:0, instance:tests.Tests@2145b572]" started-at="2024-09-01T17:17:38 IST" name="setup" finished-at="2024-09-01T17:17:42 IST" duration-ms="4304" status="PASS">
          <reporter-output>
          </reporter-output>
        </test-method> <!-- setup -->
        <test-method signature="Decor6()[pri:6, instance:tests.Tests@2145b572]" started-at="2024-09-01T17:17:42 IST" name="Decor6" finished-at="2024-09-01T17:17:44 IST" duration-ms="2266" status="PASS">
          <reporter-output>
          </reporter-output>
        </test-method> <!-- Decor6 -->
        <test-method is-config="true" signature="teardown()[pri:0, instance:tests.Tests@2145b572]" started-at="2024-09-01T17:17:44 IST" name="teardown" finished-at="2024-09-01T17:17:45 IST" duration-ms="314" status="PASS">
          <reporter-output>
          </reporter-output>
        </test-method> <!-- teardown -->
        <test-method is-config="true" signature="setup()[pri:0, instance:tests.Tests@2145b572]" started-at="2024-09-01T17:17:45 IST" name="setup" finished-at="2024-09-01T17:17:49 IST" duration-ms="4198" status="PASS">
          <reporter-output>
          </reporter-output>
        </test-method> <!-- setup -->
        <test-method signature="BedBath1()[pri:7, instance:tests.Tests@2145b572]" started-at="2024-09-01T17:17:49 IST" name="BedBath1" finished-at="2024-09-01T17:17:51 IST" duration-ms="2297" status="PASS">
          <reporter-output>
          </reporter-output>
        </test-method> <!-- BedBath1 -->
        <test-method is-config="true" signature="teardown()[pri:0, instance:tests.Tests@2145b572]" started-at="2024-09-01T17:17:51 IST" name="teardown" finished-at="2024-09-01T17:17:52 IST" duration-ms="253" status="PASS">
          <reporter-output>
          </reporter-output>
        </test-method> <!-- teardown -->
        <test-method is-config="true" signature="setup()[pri:0, instance:tests.Tests@2145b572]" started-at="2024-09-01T17:17:52 IST" name="setup" finished-at="2024-09-01T17:17:56 IST" duration-ms="4310" status="PASS">
          <reporter-output>
          </reporter-output>
        </test-method> <!-- setup -->
        <test-method signature="BedBath2()[pri:8, instance:tests.Tests@2145b572]" started-at="2024-09-01T17:17:56 IST" name="BedBath2" finished-at="2024-09-01T17:18:01 IST" duration-ms="4756" status="PASS">
          <reporter-output>
          </reporter-output>
        </test-method> <!-- BedBath2 -->
        <test-method is-config="true" signature="teardown()[pri:0, instance:tests.Tests@2145b572]" started-at="2024-09-01T17:18:01 IST" name="teardown" finished-at="2024-09-01T17:18:01 IST" duration-ms="368" status="PASS">
          <reporter-output>
          </reporter-output>
        </test-method> <!-- teardown -->
        <test-method is-config="true" signature="setup()[pri:0, instance:tests.Tests@2145b572]" started-at="2024-09-01T17:18:01 IST" name="setup" finished-at="2024-09-01T17:18:05 IST" duration-ms="4074" status="PASS">
          <reporter-output>
          </reporter-output>
        </test-method> <!-- setup -->
        <test-method signature="BS1()[pri:9, instance:tests.Tests@2145b572]" started-at="2024-09-01T17:18:05 IST" name="BS1" finished-at="2024-09-01T17:18:07 IST" duration-ms="1923" status="PASS">
          <reporter-output>
          </reporter-output>
        </test-method> <!-- BS1 -->
        <test-method is-config="true" signature="teardown()[pri:0, instance:tests.Tests@2145b572]" started-at="2024-09-01T17:18:07 IST" name="teardown" finished-at="2024-09-01T17:18:07 IST" duration-ms="287" status="PASS">
          <reporter-output>
          </reporter-output>
        </test-method> <!-- teardown -->
        <test-method is-config="true" signature="setup()[pri:0, instance:tests.Tests@2145b572]" started-at="2024-09-01T17:18:07 IST" name="setup" finished-at="2024-09-01T17:18:11 IST" duration-ms="4051" status="PASS">
          <reporter-output>
          </reporter-output>
        </test-method> <!-- setup -->
        <test-method signature="BS2()[pri:10, instance:tests.Tests@2145b572]" started-at="2024-09-01T17:18:11 IST" name="BS2" finished-at="2024-09-01T17:18:13 IST" duration-ms="2176" status="PASS">
          <reporter-output>
          </reporter-output>
        </test-method> <!-- BS2 -->
        <test-method is-config="true" signature="teardown()[pri:0, instance:tests.Tests@2145b572]" started-at="2024-09-01T17:18:13 IST" name="teardown" finished-at="2024-09-01T17:18:14 IST" duration-ms="274" status="PASS">
          <reporter-output>
          </reporter-output>
        </test-method> <!-- teardown -->
        <test-method is-config="true" signature="setup()[pri:0, instance:tests.Tests@2145b572]" started-at="2024-09-01T17:18:14 IST" name="setup" finished-at="2024-09-01T17:18:18 IST" duration-ms="3960" status="PASS">
          <reporter-output>
          </reporter-output>
        </test-method> <!-- setup -->
        <test-method signature="BS3()[pri:11, instance:tests.Tests@2145b572]" started-at="2024-09-01T17:18:18 IST" name="BS3" finished-at="2024-09-01T17:18:20 IST" duration-ms="2462" status="PASS">
          <reporter-output>
          </reporter-output>
        </test-method> <!-- BS3 -->
        <test-method is-config="true" signature="teardown()[pri:0, instance:tests.Tests@2145b572]" started-at="2024-09-01T17:18:20 IST" name="teardown" finished-at="2024-09-01T17:18:20 IST" duration-ms="252" status="PASS">
          <reporter-output>
          </reporter-output>
        </test-method> <!-- teardown -->
        <test-method is-config="true" signature="setup()[pri:0, instance:tests.Tests@2145b572]" started-at="2024-09-01T17:18:20 IST" name="setup" finished-at="2024-09-01T17:18:25 IST" duration-ms="4134" status="PASS">
          <reporter-output>
          </reporter-output>
        </test-method> <!-- setup -->
        <test-method signature="BS4()[pri:12, instance:tests.Tests@2145b572]" started-at="2024-09-01T17:18:25 IST" name="BS4" finished-at="2024-09-01T17:18:27 IST" duration-ms="2110" status="PASS">
          <reporter-output>
          </reporter-output>
        </test-method> <!-- BS4 -->
        <test-method is-config="true" signature="teardown()[pri:0, instance:tests.Tests@2145b572]" started-at="2024-09-01T17:18:27 IST" name="teardown" finished-at="2024-09-01T17:18:27 IST" duration-ms="721" status="PASS">
          <reporter-output>
          </reporter-output>
        </test-method> <!-- teardown -->
        <test-method is-config="true" signature="setup()[pri:0, instance:tests.Tests@2145b572]" started-at="2024-09-01T17:18:27 IST" name="setup" finished-at="2024-09-01T17:18:31 IST" duration-ms="3913" status="PASS">
          <reporter-output>
          </reporter-output>
        </test-method> <!-- setup -->
        <test-method signature="BS5()[pri:13, instance:tests.Tests@2145b572]" started-at="2024-09-01T17:18:31 IST" name="BS5" finished-at="2024-09-01T17:18:33 IST" duration-ms="2016" status="PASS">
          <reporter-output>
          </reporter-output>
        </test-method> <!-- BS5 -->
        <test-method is-config="true" signature="teardown()[pri:0, instance:tests.Tests@2145b572]" started-at="2024-09-01T17:18:33 IST" name="teardown" finished-at="2024-09-01T17:18:34 IST" duration-ms="492" status="PASS">
          <reporter-output>
          </reporter-output>
        </test-method> <!-- teardown -->
        <test-method is-config="true" signature="setup()[pri:0, instance:tests.Tests@2145b572]" started-at="2024-09-01T17:18:34 IST" name="setup" finished-at="2024-09-01T17:18:38 IST" duration-ms="4167" status="PASS">
          <reporter-output>
          </reporter-output>
        </test-method> <!-- setup -->
        <test-method signature="BS6()[pri:14, instance:tests.Tests@2145b572]" started-at="2024-09-01T17:18:38 IST" name="BS6" finished-at="2024-09-01T17:18:40 IST" duration-ms="2191" status="PASS">
          <reporter-output>
          </reporter-output>
        </test-method> <!-- BS6 -->
        <test-method is-config="true" signature="teardown()[pri:0, instance:tests.Tests@2145b572]" started-at="2024-09-01T17:18:40 IST" name="teardown" finished-at="2024-09-01T17:18:40 IST" duration-ms="274" status="PASS">
          <reporter-output>
          </reporter-output>
        </test-method> <!-- teardown -->
        <test-method is-config="true" signature="setup()[pri:0, instance:tests.Tests@2145b572]" started-at="2024-09-01T17:18:40 IST" name="setup" finished-at="2024-09-01T17:18:44 IST" duration-ms="3451" status="PASS">
          <reporter-output>
          </reporter-output>
        </test-method> <!-- setup -->
        <test-method signature="BS7()[pri:15, instance:tests.Tests@2145b572]" started-at="2024-09-01T17:18:44 IST" name="BS7" finished-at="2024-09-01T17:18:46 IST" duration-ms="2574" status="PASS">
          <reporter-output>
          </reporter-output>
        </test-method> <!-- BS7 -->
        <test-method is-config="true" signature="teardown()[pri:0, instance:tests.Tests@2145b572]" started-at="2024-09-01T17:18:46 IST" name="teardown" finished-at="2024-09-01T17:18:47 IST" duration-ms="710" status="PASS">
          <reporter-output>
          </reporter-output>
        </test-method> <!-- teardown -->
        <test-method is-config="true" signature="setup()[pri:0, instance:tests.Tests@2145b572]" started-at="2024-09-01T17:18:47 IST" name="setup" finished-at="2024-09-01T17:18:51 IST" duration-ms="3884" status="PASS">
          <reporter-output>
          </reporter-output>
        </test-method> <!-- setup -->
        <test-method signature="BS8()[pri:16, instance:tests.Tests@2145b572]" started-at="2024-09-01T17:18:51 IST" name="BS8" finished-at="2024-09-01T17:18:53 IST" duration-ms="2383" status="PASS">
          <reporter-output>
          </reporter-output>
        </test-method> <!-- BS8 -->
        <test-method is-config="true" signature="teardown()[pri:0, instance:tests.Tests@2145b572]" started-at="2024-09-01T17:18:53 IST" name="teardown" finished-at="2024-09-01T17:18:54 IST" duration-ms="247" status="PASS">
          <reporter-output>
          </reporter-output>
        </test-method> <!-- teardown -->
        <test-method is-config="true" signature="setup()[pri:0, instance:tests.Tests@2145b572]" started-at="2024-09-01T17:18:54 IST" name="setup" finished-at="2024-09-01T17:18:57 IST" duration-ms="3545" status="PASS">
          <reporter-output>
          </reporter-output>
        </test-method> <!-- setup -->
        <test-method signature="BS9()[pri:17, instance:tests.Tests@2145b572]" started-at="2024-09-01T17:18:57 IST" name="BS9" finished-at="2024-09-01T17:19:02 IST" duration-ms="4509" status="PASS">
          <reporter-output>
          </reporter-output>
        </test-method> <!-- BS9 -->
        <test-method is-config="true" signature="teardown()[pri:0, instance:tests.Tests@2145b572]" started-at="2024-09-01T17:19:02 IST" name="teardown" finished-at="2024-09-01T17:19:02 IST" duration-ms="236" status="PASS">
          <reporter-output>
          </reporter-output>
        </test-method> <!-- teardown -->
        <test-method is-config="true" signature="setup()[pri:0, instance:tests.Tests@2145b572]" started-at="2024-09-01T17:19:02 IST" name="setup" finished-at="2024-09-01T17:19:06 IST" duration-ms="4152" status="PASS">
          <reporter-output>
          </reporter-output>
        </test-method> <!-- setup -->
        <test-method signature="DS1()[pri:18, instance:tests.Tests@2145b572]" started-at="2024-09-01T17:19:06 IST" name="DS1" finished-at="2024-09-01T17:19:08 IST" duration-ms="2013" status="PASS">
          <reporter-output>
          </reporter-output>
        </test-method> <!-- DS1 -->
        <test-method is-config="true" signature="teardown()[pri:0, instance:tests.Tests@2145b572]" started-at="2024-09-01T17:19:08 IST" name="teardown" finished-at="2024-09-01T17:19:08 IST" duration-ms="323" status="PASS">
          <reporter-output>
          </reporter-output>
        </test-method> <!-- teardown -->
        <test-method is-config="true" signature="setup()[pri:0, instance:tests.Tests@2145b572]" started-at="2024-09-01T17:19:09 IST" name="setup" finished-at="2024-09-01T17:19:12 IST" duration-ms="3510" status="PASS">
          <reporter-output>
          </reporter-output>
        </test-method> <!-- setup -->
        <test-method signature="DS2()[pri:19, instance:tests.Tests@2145b572]" started-at="2024-09-01T17:19:12 IST" name="DS2" finished-at="2024-09-01T17:19:14 IST" duration-ms="2410" status="PASS">
          <reporter-output>
          </reporter-output>
        </test-method> <!-- DS2 -->
        <test-method is-config="true" signature="teardown()[pri:0, instance:tests.Tests@2145b572]" started-at="2024-09-01T17:19:14 IST" name="teardown" finished-at="2024-09-01T17:19:15 IST" duration-ms="272" status="PASS">
          <reporter-output>
          </reporter-output>
        </test-method> <!-- teardown -->
        <test-method is-config="true" signature="setup()[pri:0, instance:tests.Tests@2145b572]" started-at="2024-09-01T17:19:15 IST" name="setup" finished-at="2024-09-01T17:19:18 IST" duration-ms="3671" status="PASS">
          <reporter-output>
          </reporter-output>
        </test-method> <!-- setup -->
        <test-method signature="DS3()[pri:20, instance:tests.Tests@2145b572]" started-at="2024-09-01T17:19:18 IST" name="DS3" finished-at="2024-09-01T17:19:21 IST" duration-ms="2172" status="PASS">
          <reporter-output>
          </reporter-output>
        </test-method> <!-- DS3 -->
        <test-method is-config="true" signature="teardown()[pri:0, instance:tests.Tests@2145b572]" started-at="2024-09-01T17:19:21 IST" name="teardown" finished-at="2024-09-01T17:19:21 IST" duration-ms="263" status="PASS">
          <reporter-output>
          </reporter-output>
        </test-method> <!-- teardown -->
        <test-method is-config="true" signature="setup()[pri:0, instance:tests.Tests@2145b572]" started-at="2024-09-01T17:19:21 IST" name="setup" finished-at="2024-09-01T17:19:25 IST" duration-ms="3979" status="PASS">
          <reporter-output>
          </reporter-output>
        </test-method> <!-- setup -->
        <test-method signature="DS4()[pri:21, instance:tests.Tests@2145b572]" started-at="2024-09-01T17:19:25 IST" name="DS4" finished-at="2024-09-01T17:19:27 IST" duration-ms="2351" status="PASS">
          <reporter-output>
          </reporter-output>
        </test-method> <!-- DS4 -->
        <test-method is-config="true" signature="teardown()[pri:0, instance:tests.Tests@2145b572]" started-at="2024-09-01T17:19:27 IST" name="teardown" finished-at="2024-09-01T17:19:27 IST" duration-ms="287" status="PASS">
          <reporter-output>
          </reporter-output>
        </test-method> <!-- teardown -->
        <test-method is-config="true" signature="setup()[pri:0, instance:tests.Tests@2145b572]" started-at="2024-09-01T17:19:27 IST" name="setup" finished-at="2024-09-01T17:19:31 IST" duration-ms="3907" status="PASS">
          <reporter-output>
          </reporter-output>
        </test-method> <!-- setup -->
        <test-method signature="DS5()[pri:22, instance:tests.Tests@2145b572]" started-at="2024-09-01T17:19:31 IST" name="DS5" finished-at="2024-09-01T17:19:34 IST" duration-ms="2299" status="PASS">
          <reporter-output>
          </reporter-output>
        </test-method> <!-- DS5 -->
        <test-method is-config="true" signature="teardown()[pri:0, instance:tests.Tests@2145b572]" started-at="2024-09-01T17:19:34 IST" name="teardown" finished-at="2024-09-01T17:19:34 IST" duration-ms="239" status="PASS">
          <reporter-output>
          </reporter-output>
        </test-method> <!-- teardown -->
        <test-method is-config="true" signature="tearDown()[pri:0, instance:tests.Tests@2145b572]" started-at="2024-09-01T17:19:34 IST" name="tearDown" finished-at="2024-09-01T17:19:35 IST" duration-ms="1139" status="PASS">
          <reporter-output>
          </reporter-output>
        </test-method> <!-- tearDown -->
      </class> <!-- tests.Tests -->
    </test> <!-- Surefire test -->
  </suite> <!-- Surefire suite -->
</testng-results>
