<?xml version="1.0" encoding="UTF-8"?>
<testng-results ignored="0" total="22" passed="22" failed="0" skipped="0">
  <reporter-output>
  </reporter-output>
  <suite started-at="2024-09-01T10:26:34 IST" name="Default suite" finished-at="2024-09-01T10:29:05 IST" duration-ms="150932">
    <groups>
    </groups>
    <test started-at="2024-09-01T10:26:34 IST" name="Default test" finished-at="2024-09-01T10:29:05 IST" duration-ms="150932">
      <class name="tests.Tests">
        <test-method is-config="true" signature="reportconfig()[pri:0, instance:tests.Tests@31ea9581]" started-at="2024-09-01T10:26:34 IST" name="reportconfig" finished-at="2024-09-01T10:26:34 IST" duration-ms="476" status="PASS">
          <reporter-output>
          </reporter-output>
        </test-method> <!-- reportconfig -->
        <test-method is-config="true" signature="setup()[pri:0, instance:tests.Tests@31ea9581]" started-at="2024-09-01T10:26:34 IST" name="setup" finished-at="2024-09-01T10:26:40 IST" duration-ms="5541" status="PASS">
          <reporter-output>
          </reporter-output>
        </test-method> <!-- setup -->
        <test-method signature="Decor1()[pri:1, instance:tests.Tests@31ea9581]" started-at="2024-09-01T10:26:40 IST" name="Decor1" finished-at="2024-09-01T10:26:42 IST" duration-ms="2368" status="PASS">
          <reporter-output>
          </reporter-output>
        </test-method> <!-- Decor1 -->
        <test-method is-config="true" signature="teardown()[pri:0, instance:tests.Tests@31ea9581]" started-at="2024-09-01T10:26:42 IST" name="teardown" finished-at="2024-09-01T10:26:42 IST" duration-ms="337" status="PASS">
          <reporter-output>
          </reporter-output>
        </test-method> <!-- teardown -->
        <test-method is-config="true" signature="setup()[pri:0, instance:tests.Tests@31ea9581]" started-at="2024-09-01T10:26:42 IST" name="setup" finished-at="2024-09-01T10:26:46 IST" duration-ms="3711" status="PASS">
          <reporter-output>
          </reporter-output>
        </test-method> <!-- setup -->
        <test-method signature="Decor2()[pri:2, instance:tests.Tests@31ea9581]" started-at="2024-09-01T10:26:46 IST" name="Decor2" finished-at="2024-09-01T10:26:48 IST" duration-ms="2314" status="PASS">
          <reporter-output>
          </reporter-output>
        </test-method> <!-- Decor2 -->
        <test-method is-config="true" signature="teardown()[pri:0, instance:tests.Tests@31ea9581]" started-at="2024-09-01T10:26:48 IST" name="teardown" finished-at="2024-09-01T10:26:49 IST" duration-ms="394" status="PASS">
          <reporter-output>
          </reporter-output>
        </test-method> <!-- teardown -->
        <test-method is-config="true" signature="setup()[pri:0, instance:tests.Tests@31ea9581]" started-at="2024-09-01T10:26:49 IST" name="setup" finished-at="2024-09-01T10:26:53 IST" duration-ms="3899" status="PASS">
          <reporter-output>
          </reporter-output>
        </test-method> <!-- setup -->
        <test-method signature="Decor3()[pri:3, instance:tests.Tests@31ea9581]" started-at="2024-09-01T10:26:53 IST" name="Decor3" finished-at="2024-09-01T10:26:55 IST" duration-ms="2421" status="PASS">
          <reporter-output>
          </reporter-output>
        </test-method> <!-- Decor3 -->
        <test-method is-config="true" signature="teardown()[pri:0, instance:tests.Tests@31ea9581]" started-at="2024-09-01T10:26:55 IST" name="teardown" finished-at="2024-09-01T10:26:56 IST" duration-ms="342" status="PASS">
          <reporter-output>
          </reporter-output>
        </test-method> <!-- teardown -->
        <test-method is-config="true" signature="setup()[pri:0, instance:tests.Tests@31ea9581]" started-at="2024-09-01T10:26:56 IST" name="setup" finished-at="2024-09-01T10:26:59 IST" duration-ms="3890" status="PASS">
          <reporter-output>
          </reporter-output>
        </test-method> <!-- setup -->
        <test-method signature="Decor4()[pri:4, instance:tests.Tests@31ea9581]" started-at="2024-09-01T10:26:59 IST" name="Decor4" finished-at="2024-09-01T10:27:04 IST" duration-ms="4758" status="PASS">
          <reporter-output>
          </reporter-output>
        </test-method> <!-- Decor4 -->
        <test-method is-config="true" signature="teardown()[pri:0, instance:tests.Tests@31ea9581]" started-at="2024-09-01T10:27:04 IST" name="teardown" finished-at="2024-09-01T10:27:05 IST" duration-ms="300" status="PASS">
          <reporter-output>
          </reporter-output>
        </test-method> <!-- teardown -->
        <test-method is-config="true" signature="setup()[pri:0, instance:tests.Tests@31ea9581]" started-at="2024-09-01T10:27:05 IST" name="setup" finished-at="2024-09-01T10:27:09 IST" duration-ms="4107" status="PASS">
          <reporter-output>
          </reporter-output>
        </test-method> <!-- setup -->
        <test-method signature="Decor5()[pri:5, instance:tests.Tests@31ea9581]" started-at="2024-09-01T10:27:09 IST" name="Decor5" finished-at="2024-09-01T10:27:11 IST" duration-ms="2826" status="PASS">
          <reporter-output>
          </reporter-output>
        </test-method> <!-- Decor5 -->
        <test-method is-config="true" signature="teardown()[pri:0, instance:tests.Tests@31ea9581]" started-at="2024-09-01T10:27:11 IST" name="teardown" finished-at="2024-09-01T10:27:12 IST" duration-ms="277" status="PASS">
          <reporter-output>
          </reporter-output>
        </test-method> <!-- teardown -->
        <test-method is-config="true" signature="setup()[pri:0, instance:tests.Tests@31ea9581]" started-at="2024-09-01T10:27:12 IST" name="setup" finished-at="2024-09-01T10:27:16 IST" duration-ms="3804" status="PASS">
          <reporter-output>
          </reporter-output>
        </test-method> <!-- setup -->
        <test-method signature="Decor6()[pri:6, instance:tests.Tests@31ea9581]" started-at="2024-09-01T10:27:16 IST" name="Decor6" finished-at="2024-09-01T10:27:18 IST" duration-ms="2609" status="PASS">
          <reporter-output>
          </reporter-output>
        </test-method> <!-- Decor6 -->
        <test-method is-config="true" signature="teardown()[pri:0, instance:tests.Tests@31ea9581]" started-at="2024-09-01T10:27:18 IST" name="teardown" finished-at="2024-09-01T10:27:18 IST" duration-ms="277" status="PASS">
          <reporter-output>
          </reporter-output>
        </test-method> <!-- teardown -->
        <test-method is-config="true" signature="setup()[pri:0, instance:tests.Tests@31ea9581]" started-at="2024-09-01T10:27:18 IST" name="setup" finished-at="2024-09-01T10:27:22 IST" duration-ms="3569" status="PASS">
          <reporter-output>
          </reporter-output>
        </test-method> <!-- setup -->
        <test-method signature="BedBath1()[pri:7, instance:tests.Tests@31ea9581]" started-at="2024-09-01T10:27:22 IST" name="BedBath1" finished-at="2024-09-01T10:27:24 IST" duration-ms="1854" status="PASS">
          <reporter-output>
          </reporter-output>
        </test-method> <!-- BedBath1 -->
        <test-method is-config="true" signature="teardown()[pri:0, instance:tests.Tests@31ea9581]" started-at="2024-09-01T10:27:24 IST" name="teardown" finished-at="2024-09-01T10:27:24 IST" duration-ms="555" status="PASS">
          <reporter-output>
          </reporter-output>
        </test-method> <!-- teardown -->
        <test-method is-config="true" signature="setup()[pri:0, instance:tests.Tests@31ea9581]" started-at="2024-09-01T10:27:24 IST" name="setup" finished-at="2024-09-01T10:27:28 IST" duration-ms="3623" status="PASS">
          <reporter-output>
          </reporter-output>
        </test-method> <!-- setup -->
        <test-method signature="BedBath2()[pri:8, instance:tests.Tests@31ea9581]" started-at="2024-09-01T10:27:28 IST" name="BedBath2" finished-at="2024-09-01T10:27:32 IST" duration-ms="4268" status="PASS">
          <reporter-output>
          </reporter-output>
        </test-method> <!-- BedBath2 -->
        <test-method is-config="true" signature="teardown()[pri:0, instance:tests.Tests@31ea9581]" started-at="2024-09-01T10:27:32 IST" name="teardown" finished-at="2024-09-01T10:27:33 IST" duration-ms="282" status="PASS">
          <reporter-output>
          </reporter-output>
        </test-method> <!-- teardown -->
        <test-method is-config="true" signature="setup()[pri:0, instance:tests.Tests@31ea9581]" started-at="2024-09-01T10:27:33 IST" name="setup" finished-at="2024-09-01T10:27:37 IST" duration-ms="3981" status="PASS">
          <reporter-output>
          </reporter-output>
        </test-method> <!-- setup -->
        <test-method signature="BS1()[pri:9, instance:tests.Tests@31ea9581]" started-at="2024-09-01T10:27:37 IST" name="BS1" finished-at="2024-09-01T10:27:39 IST" duration-ms="2091" status="PASS">
          <reporter-output>
          </reporter-output>
        </test-method> <!-- BS1 -->
        <test-method is-config="true" signature="teardown()[pri:0, instance:tests.Tests@31ea9581]" started-at="2024-09-01T10:27:39 IST" name="teardown" finished-at="2024-09-01T10:27:39 IST" duration-ms="306" status="PASS">
          <reporter-output>
          </reporter-output>
        </test-method> <!-- teardown -->
        <test-method is-config="true" signature="setup()[pri:0, instance:tests.Tests@31ea9581]" started-at="2024-09-01T10:27:39 IST" name="setup" finished-at="2024-09-01T10:27:43 IST" duration-ms="3876" status="PASS">
          <reporter-output>
          </reporter-output>
        </test-method> <!-- setup -->
        <test-method signature="BS2()[pri:10, instance:tests.Tests@31ea9581]" started-at="2024-09-01T10:27:43 IST" name="BS2" finished-at="2024-09-01T10:27:45 IST" duration-ms="2251" status="PASS">
          <reporter-output>
          </reporter-output>
        </test-method> <!-- BS2 -->
        <test-method is-config="true" signature="teardown()[pri:0, instance:tests.Tests@31ea9581]" started-at="2024-09-01T10:27:45 IST" name="teardown" finished-at="2024-09-01T10:27:45 IST" duration-ms="328" status="PASS">
          <reporter-output>
          </reporter-output>
        </test-method> <!-- teardown -->
        <test-method is-config="true" signature="setup()[pri:0, instance:tests.Tests@31ea9581]" started-at="2024-09-01T10:27:45 IST" name="setup" finished-at="2024-09-01T10:27:49 IST" duration-ms="3940" status="PASS">
          <reporter-output>
          </reporter-output>
        </test-method> <!-- setup -->
        <test-method signature="BS3()[pri:11, instance:tests.Tests@31ea9581]" started-at="2024-09-01T10:27:49 IST" name="BS3" finished-at="2024-09-01T10:27:52 IST" duration-ms="2193" status="PASS">
          <reporter-output>
          </reporter-output>
        </test-method> <!-- BS3 -->
        <test-method is-config="true" signature="teardown()[pri:0, instance:tests.Tests@31ea9581]" started-at="2024-09-01T10:27:52 IST" name="teardown" finished-at="2024-09-01T10:27:52 IST" duration-ms="278" status="PASS">
          <reporter-output>
          </reporter-output>
        </test-method> <!-- teardown -->
        <test-method is-config="true" signature="setup()[pri:0, instance:tests.Tests@31ea9581]" started-at="2024-09-01T10:27:52 IST" name="setup" finished-at="2024-09-01T10:27:56 IST" duration-ms="3766" status="PASS">
          <reporter-output>
          </reporter-output>
        </test-method> <!-- setup -->
        <test-method signature="BS4()[pri:12, instance:tests.Tests@31ea9581]" started-at="2024-09-01T10:27:56 IST" name="BS4" finished-at="2024-09-01T10:27:58 IST" duration-ms="2543" status="PASS">
          <reporter-output>
          </reporter-output>
        </test-method> <!-- BS4 -->
        <test-method is-config="true" signature="teardown()[pri:0, instance:tests.Tests@31ea9581]" started-at="2024-09-01T10:27:58 IST" name="teardown" finished-at="2024-09-01T10:27:59 IST" duration-ms="349" status="PASS">
          <reporter-output>
          </reporter-output>
        </test-method> <!-- teardown -->
        <test-method is-config="true" signature="setup()[pri:0, instance:tests.Tests@31ea9581]" started-at="2024-09-01T10:27:59 IST" name="setup" finished-at="2024-09-01T10:28:02 IST" duration-ms="3529" status="PASS">
          <reporter-output>
          </reporter-output>
        </test-method> <!-- setup -->
        <test-method signature="BS5()[pri:13, instance:tests.Tests@31ea9581]" started-at="2024-09-01T10:28:02 IST" name="BS5" finished-at="2024-09-01T10:28:05 IST" duration-ms="2639" status="PASS">
          <reporter-output>
          </reporter-output>
        </test-method> <!-- BS5 -->
        <test-method is-config="true" signature="teardown()[pri:0, instance:tests.Tests@31ea9581]" started-at="2024-09-01T10:28:05 IST" name="teardown" finished-at="2024-09-01T10:28:05 IST" duration-ms="300" status="PASS">
          <reporter-output>
          </reporter-output>
        </test-method> <!-- teardown -->
        <test-method is-config="true" signature="setup()[pri:0, instance:tests.Tests@31ea9581]" started-at="2024-09-01T10:28:05 IST" name="setup" finished-at="2024-09-01T10:28:09 IST" duration-ms="3899" status="PASS">
          <reporter-output>
          </reporter-output>
        </test-method> <!-- setup -->
        <test-method signature="BS6()[pri:14, instance:tests.Tests@31ea9581]" started-at="2024-09-01T10:28:09 IST" name="BS6" finished-at="2024-09-01T10:28:11 IST" duration-ms="2248" status="PASS">
          <reporter-output>
          </reporter-output>
        </test-method> <!-- BS6 -->
        <test-method is-config="true" signature="teardown()[pri:0, instance:tests.Tests@31ea9581]" started-at="2024-09-01T10:28:11 IST" name="teardown" finished-at="2024-09-01T10:28:11 IST" duration-ms="271" status="PASS">
          <reporter-output>
          </reporter-output>
        </test-method> <!-- teardown -->
        <test-method is-config="true" signature="setup()[pri:0, instance:tests.Tests@31ea9581]" started-at="2024-09-01T10:28:11 IST" name="setup" finished-at="2024-09-01T10:28:15 IST" duration-ms="3664" status="PASS">
          <reporter-output>
          </reporter-output>
        </test-method> <!-- setup -->
        <test-method signature="BS7()[pri:15, instance:tests.Tests@31ea9581]" started-at="2024-09-01T10:28:15 IST" name="BS7" finished-at="2024-09-01T10:28:17 IST" duration-ms="2172" status="PASS">
          <reporter-output>
          </reporter-output>
        </test-method> <!-- BS7 -->
        <test-method is-config="true" signature="teardown()[pri:0, instance:tests.Tests@31ea9581]" started-at="2024-09-01T10:28:17 IST" name="teardown" finished-at="2024-09-01T10:28:18 IST" duration-ms="284" status="PASS">
          <reporter-output>
          </reporter-output>
        </test-method> <!-- teardown -->
        <test-method is-config="true" signature="setup()[pri:0, instance:tests.Tests@31ea9581]" started-at="2024-09-01T10:28:18 IST" name="setup" finished-at="2024-09-01T10:28:21 IST" duration-ms="3853" status="PASS">
          <reporter-output>
          </reporter-output>
        </test-method> <!-- setup -->
        <test-method signature="BS8()[pri:16, instance:tests.Tests@31ea9581]" started-at="2024-09-01T10:28:21 IST" name="BS8" finished-at="2024-09-01T10:28:24 IST" duration-ms="2411" status="PASS">
          <reporter-output>
          </reporter-output>
        </test-method> <!-- BS8 -->
        <test-method is-config="true" signature="teardown()[pri:0, instance:tests.Tests@31ea9581]" started-at="2024-09-01T10:28:24 IST" name="teardown" finished-at="2024-09-01T10:28:24 IST" duration-ms="588" status="PASS">
          <reporter-output>
          </reporter-output>
        </test-method> <!-- teardown -->
        <test-method is-config="true" signature="setup()[pri:0, instance:tests.Tests@31ea9581]" started-at="2024-09-01T10:28:24 IST" name="setup" finished-at="2024-09-01T10:28:28 IST" duration-ms="3706" status="PASS">
          <reporter-output>
          </reporter-output>
        </test-method> <!-- setup -->
        <test-method signature="BS9()[pri:17, instance:tests.Tests@31ea9581]" started-at="2024-09-01T10:28:28 IST" name="BS9" finished-at="2024-09-01T10:28:32 IST" duration-ms="4188" status="PASS">
          <reporter-output>
          </reporter-output>
        </test-method> <!-- BS9 -->
        <test-method is-config="true" signature="teardown()[pri:0, instance:tests.Tests@31ea9581]" started-at="2024-09-01T10:28:32 IST" name="teardown" finished-at="2024-09-01T10:28:33 IST" duration-ms="280" status="PASS">
          <reporter-output>
          </reporter-output>
        </test-method> <!-- teardown -->
        <test-method is-config="true" signature="setup()[pri:0, instance:tests.Tests@31ea9581]" started-at="2024-09-01T10:28:33 IST" name="setup" finished-at="2024-09-01T10:28:37 IST" duration-ms="4018" status="PASS">
          <reporter-output>
          </reporter-output>
        </test-method> <!-- setup -->
        <test-method signature="DS1()[pri:18, instance:tests.Tests@31ea9581]" started-at="2024-09-01T10:28:37 IST" name="DS1" finished-at="2024-09-01T10:28:38 IST" duration-ms="1794" status="PASS">
          <reporter-output>
          </reporter-output>
        </test-method> <!-- DS1 -->
        <test-method is-config="true" signature="teardown()[pri:0, instance:tests.Tests@31ea9581]" started-at="2024-09-01T10:28:38 IST" name="teardown" finished-at="2024-09-01T10:28:39 IST" duration-ms="291" status="PASS">
          <reporter-output>
          </reporter-output>
        </test-method> <!-- teardown -->
        <test-method is-config="true" signature="setup()[pri:0, instance:tests.Tests@31ea9581]" started-at="2024-09-01T10:28:39 IST" name="setup" finished-at="2024-09-01T10:28:43 IST" duration-ms="3992" status="PASS">
          <reporter-output>
          </reporter-output>
        </test-method> <!-- setup -->
        <test-method signature="DS2()[pri:19, instance:tests.Tests@31ea9581]" started-at="2024-09-01T10:28:43 IST" name="DS2" finished-at="2024-09-01T10:28:45 IST" duration-ms="2121" status="PASS">
          <reporter-output>
          </reporter-output>
        </test-method> <!-- DS2 -->
        <test-method is-config="true" signature="teardown()[pri:0, instance:tests.Tests@31ea9581]" started-at="2024-09-01T10:28:45 IST" name="teardown" finished-at="2024-09-01T10:28:45 IST" duration-ms="287" status="PASS">
          <reporter-output>
          </reporter-output>
        </test-method> <!-- teardown -->
        <test-method is-config="true" signature="setup()[pri:0, instance:tests.Tests@31ea9581]" started-at="2024-09-01T10:28:45 IST" name="setup" finished-at="2024-09-01T10:28:49 IST" duration-ms="4060" status="PASS">
          <reporter-output>
          </reporter-output>
        </test-method> <!-- setup -->
        <test-method signature="DS3()[pri:20, instance:tests.Tests@31ea9581]" started-at="2024-09-01T10:28:49 IST" name="DS3" finished-at="2024-09-01T10:28:51 IST" duration-ms="1877" status="PASS">
          <reporter-output>
          </reporter-output>
        </test-method> <!-- DS3 -->
        <test-method is-config="true" signature="teardown()[pri:0, instance:tests.Tests@31ea9581]" started-at="2024-09-01T10:28:51 IST" name="teardown" finished-at="2024-09-01T10:28:51 IST" duration-ms="267" status="PASS">
          <reporter-output>
          </reporter-output>
        </test-method> <!-- teardown -->
        <test-method is-config="true" signature="setup()[pri:0, instance:tests.Tests@31ea9581]" started-at="2024-09-01T10:28:51 IST" name="setup" finished-at="2024-09-01T10:28:55 IST" duration-ms="3785" status="PASS">
          <reporter-output>
          </reporter-output>
        </test-method> <!-- setup -->
        <test-method signature="DS4()[pri:21, instance:tests.Tests@31ea9581]" started-at="2024-09-01T10:28:55 IST" name="DS4" finished-at="2024-09-01T10:28:57 IST" duration-ms="2345" status="PASS">
          <reporter-output>
          </reporter-output>
        </test-method> <!-- DS4 -->
        <test-method is-config="true" signature="teardown()[pri:0, instance:tests.Tests@31ea9581]" started-at="2024-09-01T10:28:57 IST" name="teardown" finished-at="2024-09-01T10:28:58 IST" duration-ms="273" status="PASS">
          <reporter-output>
          </reporter-output>
        </test-method> <!-- teardown -->
        <test-method is-config="true" signature="setup()[pri:0, instance:tests.Tests@31ea9581]" started-at="2024-09-01T10:28:58 IST" name="setup" finished-at="2024-09-01T10:29:02 IST" duration-ms="3885" status="PASS">
          <reporter-output>
          </reporter-output>
        </test-method> <!-- setup -->
        <test-method signature="DS5()[pri:22, instance:tests.Tests@31ea9581]" started-at="2024-09-01T10:29:02 IST" name="DS5" finished-at="2024-09-01T10:29:04 IST" duration-ms="2056" status="PASS">
          <reporter-output>
          </reporter-output>
        </test-method> <!-- DS5 -->
        <test-method is-config="true" signature="teardown()[pri:0, instance:tests.Tests@31ea9581]" started-at="2024-09-01T10:29:04 IST" name="teardown" finished-at="2024-09-01T10:29:04 IST" duration-ms="319" status="PASS">
          <reporter-output>
          </reporter-output>
        </test-method> <!-- teardown -->
        <test-method is-config="true" signature="tearDown()[pri:0, instance:tests.Tests@31ea9581]" started-at="2024-09-01T10:29:04 IST" name="tearDown" finished-at="2024-09-01T10:29:05 IST" duration-ms="640" status="PASS">
          <reporter-output>
          </reporter-output>
        </test-method> <!-- tearDown -->
      </class> <!-- tests.Tests -->
    </test> <!-- Default test -->
  </suite> <!-- Default suite -->
</testng-results>
